<?xml version="1.0" encoding="UTF-8"?>
<!-- Generated by org.testng.reporters.JUnitReportReporter -->
<testsuite hostname="LAPTOP-A52B1AF1" failures="0" tests="6" name="assignment.TestScenarios" time="37.504" errors="0" timestamp="2024-07-10T22:51:42 EDT" skipped="0">
  <testcase classname="assignment.TestScenarios" name="ScenarioOne" time="7.082"/>
  <system-out/>
  <testcase classname="assignment.TestScenarios" name="ScenarioOne" time="2.609"/>
  <system-out/>
  <testcase classname="assignment.TestScenarios" name="ScenarioTwo" time="1.180"/>
  <system-out/>
  <testcase classname="assignment.TestScenarios" name="ScenarioTwo" time="3.528"/>
  <system-out/>
  <testcase classname="assignment.TestScenarios" name="ScenarioThree" time="15.625"/>
  <system-out/>
  <testcase classname="assignment.TestScenarios" name="ScenarioThree" time="7.480"/>
  <system-out/>
</testsuite> <!-- assignment.TestScenarios -->
